04/28/20 17:37:56: ------------------------------------Dataset-------------------------------------
04/28/20 17:37:56: Loading Dataset doyle_reactions_data.json in ./data/
04/28/20 19:21:23: Dataset contains 0 total samples
04/28/20 19:21:23: Dataset contains 0 total samples
04/28/20 19:21:23: Dataset contains 0 total samples
04/28/20 19:21:23: Dataset contains 0 total samples
04/28/20 19:21:23: Dataset contains 0 total samples
04/28/20 19:21:23: Dataset contains 0 total samples
04/28/20 19:21:24: Dataset contains 0 total samples
04/28/20 19:21:24: Dataset contains 0 total samples
04/28/20 19:21:24: Dataset contains 0 total samples
04/28/20 19:21:24: Dataset contains 0 total samples
04/28/20 19:21:24: Dataset contains 0 total samples
04/28/20 19:21:24: Dataset contains 0 total samples
04/28/20 19:21:24: Dataset contains 0 total samples
04/28/20 19:21:24: Dataset contains 0 total samples
04/28/20 19:21:24: Dataset contains 0 total samples
04/28/20 19:21:24: Dataset contains 0 total samples
04/28/20 19:21:24: Dataset contains 0 total samples
04/28/20 19:21:24: Dataset contains 0 total samples
04/28/20 19:21:24: Dataset contains 0 total samples
04/28/20 19:21:24: Dataset contains 0 total samples
04/28/20 19:21:24: Dataset contains 0 total samples
04/28/20 19:21:24: Dataset contains 0 total samples
04/28/20 19:21:24: Dataset contains 0 total samples
04/28/20 19:21:24: Dataset contains 0 total samples
04/28/20 19:21:24: Dataset contains 0 total samples
04/28/20 19:21:24: Dataset contains 0 total samples
04/28/20 19:21:24: Dataset contains 0 total samples
04/28/20 19:21:24: Dataset contains 0 total samples
04/28/20 19:21:24: Dataset contains 0 total samples
04/28/20 19:21:24: Dataset contains 0 total samples
04/28/20 19:21:24: Dataset contains 0 total samples
04/28/20 19:21:24: Dataset contains 0 total samples
04/28/20 19:21:24: Dataset contains 0 total samples
04/28/20 19:21:24: Dataset contains 0 total samples
04/28/20 19:21:24: Dataset contains 0 total samples
04/28/20 19:21:24: Dataset contains 0 total samples
04/28/20 19:21:24: Dataset contains 0 total samples
04/28/20 19:21:24: Dataset contains 0 total samples
04/28/20 19:21:24: Dataset contains 0 total samples
04/28/20 19:21:24: Dataset contains 0 total samples
04/28/20 19:21:24: Dataset contains 0 total samples
04/28/20 19:21:24: Dataset contains 0 total samples
04/28/20 19:21:24: Dataset contains 0 total samples
04/28/20 19:21:24: Dataset contains 0 total samples
04/28/20 19:21:24: Dataset contains 0 total samples
04/28/20 19:21:24: Dataset contains 0 total samples
04/28/20 19:21:24: Dataset contains 0 total samples
04/28/20 19:21:24: Dataset contains 0 total samples
04/28/20 19:21:24: Dataset contains 0 total samples
04/28/20 19:21:24: Dataset contains 0 total samples
04/28/20 19:21:24: Dataset contains 0 total samples
04/28/20 19:21:24: Dataset contains 0 total samples
04/28/20 19:21:24: Dataset contains 0 total samples
04/28/20 19:21:24: Dataset contains 0 total samples
04/28/20 19:21:24: Dataset contains 0 total samples
04/28/20 19:21:24: Dataset contains 0 total samples
04/28/20 19:21:24: Dataset contains 0 total samples
04/28/20 19:21:24: Dataset contains 0 total samples
04/28/20 19:21:24: Dataset contains 0 total samples
04/28/20 19:21:24: Dataset contains 0 total samples
04/28/20 19:21:24: Dataset contains 0 total samples
04/28/20 19:21:24: Dataset contains 0 total samples
04/28/20 19:21:24: Dataset contains 0 total samples
04/28/20 19:21:24: Dataset contains 0 total samples
04/28/20 19:21:24: Dataset contains 0 total samples
04/28/20 19:21:24: Dataset contains 0 total samples
04/28/20 19:21:24: Dataset contains 0 total samples
04/28/20 19:21:24: Dataset contains 0 total samples
05/22/20 16:43:36: ------------------------------------Dataset-------------------------------------
05/22/20 16:45:05: ------------------------------------Dataset-------------------------------------
05/22/20 16:45:26: ------------------------------------Dataset-------------------------------------
05/22/20 16:46:43: ------------------------------------Dataset-------------------------------------
05/22/20 16:49:47: ------------------------------------Dataset-------------------------------------
05/22/20 16:49:47: Loading Dataset doyle_reactions_data.json in ./data/
10/01/20 12:19:41: ------------------------------------Dataset-------------------------------------
10/01/20 12:19:41: Loading Dataset doyle_reactions_data.json in ./data/
10/01/20 12:20:08: ------------------------------------Dataset-------------------------------------
10/01/20 12:20:08: Loading Dataset doyle_reactions_data.json in ./data/
10/01/20 12:20:35: ------------------------------------Dataset-------------------------------------
10/01/20 12:20:35: Loading Dataset doyle_reactions_data.json in data/
10/01/20 12:20:52: ------------------------------------Dataset-------------------------------------
10/01/20 12:20:52: Loading Dataset doyle_reactions_data.json in data
10/01/20 12:21:03: ------------------------------------Dataset-------------------------------------
10/01/20 12:21:03: Loading Dataset doyle_reactions_data.json in /afs/crc.nd.edu/user/m/msaebi/Public/Chem/yield-rxn/data
10/01/20 12:21:09: ------------------------------------Dataset-------------------------------------
10/01/20 12:21:09: Loading Dataset doyle_reactions_data.json in /afs/crc.nd.edu/user/m/msaebi/Public/Chem/yield-rxn/data/
10/01/20 12:22:17: ------------------------------------Dataset-------------------------------------
10/01/20 12:22:17: Loading Dataset doyle_reactions_data.json in ./data/
10/01/20 12:23:30: ------------------------------------Dataset-------------------------------------
10/01/20 12:23:30: Loading Dataset doyle_reactions_data.json in ./data/
10/01/20 12:23:43: ------------------------------------Dataset-------------------------------------
10/01/20 12:23:43: Loading Dataset doyle_reactions_data.json in /afs/crc.nd.edu/user/m/msaebi/Public/Chem/yield-rxn/data/
10/01/20 12:24:27: ------------------------------------Dataset-------------------------------------
10/01/20 12:24:27: Loading Dataset /afs/crc.nd.edu/user/m/msaebi/Public/Chem/yield-rxn/data/ in doyle_reactions_data.json
10/01/20 13:29:38: ------------------------------------Dataset-------------------------------------
10/01/20 13:29:38: Loading Dataset doyle_reactions_data.json in /afs/crc.nd.edu/user/m/msaebi/Public/Chem/yield-rxn/data/
10/01/20 13:31:46: ------------------------------------Dataset-------------------------------------
10/01/20 13:31:46: Loading Dataset doyle_reactions_data.json in /afs/crc.nd.edu/user/m/msaebi/Public/Chem/yield-rxn/data/
10/01/20 13:33:12: ------------------------------------Dataset-------------------------------------
10/01/20 13:33:12: Loading Dataset doyle_reactions_data.json in ./data/
10/01/20 13:33:22: ------------------------------------Dataset-------------------------------------
10/01/20 13:33:22: Loading Dataset doyle_reactions_data.json in data/
10/01/20 13:34:44: ------------------------------------Dataset-------------------------------------
10/01/20 13:34:44: Loading Dataset doyle_reactions_data.json in data/
10/01/20 13:40:13: ------------------------------------Dataset-------------------------------------
10/01/20 13:40:13: Loading Dataset doyle_reactions_data.json in data/
10/01/20 14:41:10: ------------------------------------Dataset-------------------------------------
10/01/20 14:41:10: Loading Dataset doyle_reactions_data.json in data/
